D:\PROJECTS\C++\SYSTEMPROGRAMMING\SYSTEMPROGRAMMING\DEBUG\SYSTEMPROGRAMMING.PCH
D:\PROJECTS\C++\SYSTEMPROGRAMMING\SYSTEMPROGRAMMING\DEBUG\STDAFX.OBJ
D:\PROJECTS\C++\SYSTEMPROGRAMMING\SYSTEMPROGRAMMING\DEBUG\VC110.PDB
D:\PROJECTS\C++\SYSTEMPROGRAMMING\SYSTEMPROGRAMMING\DEBUG\SYSTEMPROGRAMMING.OBJ
D:\PROJECTS\C++\SYSTEMPROGRAMMING\SYSTEMPROGRAMMING\DEBUG\TEXT.OBJ
D:\PROJECTS\C++\SYSTEMPROGRAMMING\DEBUG\SYSTEMPROGRAMMING.ILK
D:\PROJECTS\C++\SYSTEMPROGRAMMING\DEBUG\SYSTEMPROGRAMMING.EXE
D:\PROJECTS\C++\SYSTEMPROGRAMMING\DEBUG\SYSTEMPROGRAMMING.PDB
D:\Projects\C++\SystemProgramming\SystemProgramming\Debug\stdafx.obj
D:\Projects\C++\SystemProgramming\SystemProgramming\Debug\SystemProgramming.obj
D:\Projects\C++\SystemProgramming\SystemProgramming\Debug\Text.obj
D:\Projects\C++\SystemProgramming\SystemProgramming\Debug\cl.command.1.tlog
D:\Projects\C++\SystemProgramming\SystemProgramming\Debug\CL.read.1.tlog
D:\Projects\C++\SystemProgramming\SystemProgramming\Debug\CL.write.1.tlog
D:\Projects\C++\SystemProgramming\SystemProgramming\Debug\link-cvtres.read.1.tlog
D:\Projects\C++\SystemProgramming\SystemProgramming\Debug\link-cvtres.write.1.tlog
D:\Projects\C++\SystemProgramming\SystemProgramming\Debug\link-rc.read.1.tlog
D:\Projects\C++\SystemProgramming\SystemProgramming\Debug\link-rc.write.1.tlog
D:\Projects\C++\SystemProgramming\SystemProgramming\Debug\link.3344-cvtres.read.1.tlog
D:\Projects\C++\SystemProgramming\SystemProgramming\Debug\link.3344-cvtres.write.1.tlog
D:\Projects\C++\SystemProgramming\SystemProgramming\Debug\link.3344-rc.read.1.tlog
D:\Projects\C++\SystemProgramming\SystemProgramming\Debug\link.3344-rc.write.1.tlog
D:\Projects\C++\SystemProgramming\SystemProgramming\Debug\link.3344.read.1.tlog
D:\Projects\C++\SystemProgramming\SystemProgramming\Debug\link.3344.write.1.tlog
D:\Projects\C++\SystemProgramming\SystemProgramming\Debug\link.3884-cvtres.read.1.tlog
D:\Projects\C++\SystemProgramming\SystemProgramming\Debug\link.3884-cvtres.write.1.tlog
D:\Projects\C++\SystemProgramming\SystemProgramming\Debug\link.3884-rc.read.1.tlog
D:\Projects\C++\SystemProgramming\SystemProgramming\Debug\link.3884-rc.write.1.tlog
D:\Projects\C++\SystemProgramming\SystemProgramming\Debug\link.3884.read.1.tlog
D:\Projects\C++\SystemProgramming\SystemProgramming\Debug\link.3884.write.1.tlog
D:\Projects\C++\SystemProgramming\SystemProgramming\Debug\link.4456-cvtres.read.1.tlog
D:\Projects\C++\SystemProgramming\SystemProgramming\Debug\link.4456-cvtres.write.1.tlog
D:\Projects\C++\SystemProgramming\SystemProgramming\Debug\link.4456-rc.read.1.tlog
D:\Projects\C++\SystemProgramming\SystemProgramming\Debug\link.4456-rc.write.1.tlog
D:\Projects\C++\SystemProgramming\SystemProgramming\Debug\link.4456.read.1.tlog
D:\Projects\C++\SystemProgramming\SystemProgramming\Debug\link.4456.write.1.tlog
D:\Projects\C++\SystemProgramming\SystemProgramming\Debug\link.4472-cvtres.read.1.tlog
D:\Projects\C++\SystemProgramming\SystemProgramming\Debug\link.4472-cvtres.write.1.tlog
D:\Projects\C++\SystemProgramming\SystemProgramming\Debug\link.4472-rc.read.1.tlog
D:\Projects\C++\SystemProgramming\SystemProgramming\Debug\link.4472-rc.write.1.tlog
D:\Projects\C++\SystemProgramming\SystemProgramming\Debug\link.4472.read.1.tlog
D:\Projects\C++\SystemProgramming\SystemProgramming\Debug\link.4472.write.1.tlog
D:\Projects\C++\SystemProgramming\SystemProgramming\Debug\link.4476-cvtres.read.1.tlog
D:\Projects\C++\SystemProgramming\SystemProgramming\Debug\link.4476-cvtres.write.1.tlog
D:\Projects\C++\SystemProgramming\SystemProgramming\Debug\link.4476-rc.read.1.tlog
D:\Projects\C++\SystemProgramming\SystemProgramming\Debug\link.4476-rc.write.1.tlog
D:\Projects\C++\SystemProgramming\SystemProgramming\Debug\link.4476.read.1.tlog
D:\Projects\C++\SystemProgramming\SystemProgramming\Debug\link.4476.write.1.tlog
D:\Projects\C++\SystemProgramming\SystemProgramming\Debug\link.5264-cvtres.read.1.tlog
D:\Projects\C++\SystemProgramming\SystemProgramming\Debug\link.5264-cvtres.write.1.tlog
D:\Projects\C++\SystemProgramming\SystemProgramming\Debug\link.5264-rc.read.1.tlog
D:\Projects\C++\SystemProgramming\SystemProgramming\Debug\link.5264-rc.write.1.tlog
D:\Projects\C++\SystemProgramming\SystemProgramming\Debug\link.5264.read.1.tlog
D:\Projects\C++\SystemProgramming\SystemProgramming\Debug\link.5264.write.1.tlog
D:\Projects\C++\SystemProgramming\SystemProgramming\Debug\link.5408-cvtres.read.1.tlog
D:\Projects\C++\SystemProgramming\SystemProgramming\Debug\link.5408-cvtres.write.1.tlog
D:\Projects\C++\SystemProgramming\SystemProgramming\Debug\link.5408-rc.read.1.tlog
D:\Projects\C++\SystemProgramming\SystemProgramming\Debug\link.5408-rc.write.1.tlog
D:\Projects\C++\SystemProgramming\SystemProgramming\Debug\link.5408.read.1.tlog
D:\Projects\C++\SystemProgramming\SystemProgramming\Debug\link.5408.write.1.tlog
D:\Projects\C++\SystemProgramming\SystemProgramming\Debug\link.5864-cvtres.read.1.tlog
D:\Projects\C++\SystemProgramming\SystemProgramming\Debug\link.5864-cvtres.write.1.tlog
D:\Projects\C++\SystemProgramming\SystemProgramming\Debug\link.5864-rc.read.1.tlog
D:\Projects\C++\SystemProgramming\SystemProgramming\Debug\link.5864-rc.write.1.tlog
D:\Projects\C++\SystemProgramming\SystemProgramming\Debug\link.5864.read.1.tlog
D:\Projects\C++\SystemProgramming\SystemProgramming\Debug\link.5864.write.1.tlog
D:\Projects\C++\SystemProgramming\SystemProgramming\Debug\link.5920-cvtres.read.1.tlog
D:\Projects\C++\SystemProgramming\SystemProgramming\Debug\link.5920-cvtres.write.1.tlog
D:\Projects\C++\SystemProgramming\SystemProgramming\Debug\link.5920-rc.read.1.tlog
D:\Projects\C++\SystemProgramming\SystemProgramming\Debug\link.5920-rc.write.1.tlog
D:\Projects\C++\SystemProgramming\SystemProgramming\Debug\link.5920.read.1.tlog
D:\Projects\C++\SystemProgramming\SystemProgramming\Debug\link.5920.write.1.tlog
D:\Projects\C++\SystemProgramming\SystemProgramming\Debug\link.command.1.tlog
D:\Projects\C++\SystemProgramming\SystemProgramming\Debug\link.read.1.tlog
D:\Projects\C++\SystemProgramming\SystemProgramming\Debug\link.write.1.tlog
D:\Projects\C++\SystemProgramming\SystemProgramming\Debug\SystemProgramming.pch
D:\Projects\C++\SystemProgramming\SystemProgramming\Debug\vc110.idb
D:\Projects\C++\SystemProgramming\SystemProgramming\Debug\vc110.pdb
D:\Projects\C++\SystemProgramming\Debug\SystemProgramming.pdb
D:\Projects\C++\SystemProgramming\Debug\SystemProgramming.exe
D:\Projects\C++\SystemProgramming\Debug\SystemProgramming.ilk
